<?xml version="1.0" encoding="UTF-8"?>
<!-- Generated by org.testng.reporters.JUnitXMLReporter -->
<testsuite hostname="CTLINDT-0231" name="Test" tests="1" failures="1" timestamp="31 Aug 2019 07:36:46 GMT" time="0.415" errors="0">
  <testcase name="Intitialize" time="0.407" classname="executionEngine.DriverScriptTest">
    <failure type="java.lang.reflect.InvocationTargetException">
      <![CDATA[java.lang.reflect.InvocationTargetException
	at executionEngine.DriverScriptTest.execute_Actions(DriverScriptTest.java:161)
	at executionEngine.DriverScriptTest.execute_TestCase(DriverScriptTest.java:102)
	at executionEngine.DriverScriptTest.Intitialize(DriverScriptTest.java:71)
Caused by: java.lang.NoClassDefFoundError: io/github/bonigarcia/wdm/WebDriverManager
	at config.ActionKeywords.openBrowser(ActionKeywords.java:60)
	... 30 more
Caused by: java.lang.ClassNotFoundException: io.github.bonigarcia.wdm.WebDriverManager
	at java.net.URLClassLoader.findClass(Unknown Source)
	at java.lang.ClassLoader.loadClass(Unknown Source)
	at sun.misc.Launcher$AppClassLoader.loadClass(Unknown Source)
	at java.lang.ClassLoader.loadClass(Unknown Source)
	... 31 more
... Removed 27 stack frames]]>
    </failure>
  </testcase> <!-- Intitialize -->
</testsuite> <!-- Test -->
