<?xml version="1.0" encoding="UTF-8"?>
<testng-results skipped="0" failed="0" total="1" passed="1">
  <reporter-output>
  </reporter-output>
  <suite name="Suite" duration-ms="162639" started-at="2019-08-30T09:53:52Z" finished-at="2019-08-30T09:56:35Z">
    <groups>
    </groups>
    <test name="Test" duration-ms="162639" started-at="2019-08-30T09:53:52Z" finished-at="2019-08-30T09:56:35Z">
      <class name="executionEngine.DriverScriptTest">
        <test-method status="PASS" signature="Intitialize()[pri:0, instance:executionEngine.DriverScriptTest@27808f31]" name="Intitialize" duration-ms="162619" started-at="2019-08-30T15:23:52Z" finished-at="2019-08-30T15:26:35Z">
          <reporter-output>
          </reporter-output>
        </test-method> <!-- Intitialize -->
      </class> <!-- executionEngine.DriverScriptTest -->
    </test> <!-- Test -->
  </suite> <!-- Suite -->
</testng-results>
